<?xml version="1.0" encoding="UTF-8"?>
<testsuites name="Minh Tuan Mobile_Item_Test suite" time="62.294" tests="3" failures="0" errors="0">
   <testsuite name="Minh Tuan Mobile_Item_Test suite" tests="3" failures="0" errors="0" time="62.294" skipped="0" timestamp="15-01-2024T11:31:26" hostname="ltcuong - ltcuong" id="Test Suites/Minh Tuan Mobile_Item_Test suite">
      <properties>
         <property name="deviceName" value=""/>
         <property name="devicePlatform" value=""/>
         <property name="logFolder" value="/home/ltcuong/Katalon Studio/Demo Project/Reports/20240115_113122/Minh Tuan Mobile_Item_Test suite/20240115_113122"/>
         <property name="logFiles" value="/home/ltcuong/Katalon Studio/Demo Project/Reports/20240115_113122/Minh Tuan Mobile_Item_Test suite/20240115_113122/execution0.log"/>
         <property name="attachments" value=""/>
         <property name="hostName" value="ltcuong - ltcuong"/>
         <property name="os" value="Linux 64bit"/>
         <property name="katalonVersion" value="9.2.0.212"/>
         <property name="browser" value="Chrome 119.0.0.0"/>
         <property name="hostAddress" value="127.0.1.1"/>
         <property name="sessionId" value="1a16f8fc6eafe54a7eaf3a7d90ee9dc7"/>
         <property name="seleniumVersion" value="3.141.59"/>
         <property name="proxyInformation" value="ProxyInformation { proxyOption=NO_PROXY, proxyServerType=HTTP, username=, password=********, proxyServerAddress=, proxyServerPort=0, executionList=&quot;&quot;, isApplyToDesiredCapabilities=true }"/>
         <property name="platform" value="Linux"/>
      </properties>
      <testcase name="Test Cases/Minh Tuan Mobile_Macbook_Add Item - Spy Object" time="15.799" classname="Test Cases/Minh Tuan Mobile_Macbook_Add Item - Spy Object" status="PASSED">
         <system-out><![CDATA[15-01-2024T11:31:26 - [TEST_CASE][PASSED] - Test Cases/Minh Tuan Mobile_Macbook_Add Item - Spy Object: Test Cases/Minh Tuan Mobile_Macbook_Add Item - Spy Object

15-01-2024T11:31:26 - [TEST_STEP][PASSED] - openBrowser(""): Browser is opened with url: ''

15-01-2024T11:31:27 - [MESSAGE][INFO] - Starting 'Chrome' driver

15-01-2024T11:31:27 - [MESSAGE][INFO] - Action delay is set to 0 milliseconds

15-01-2024T11:31:27 - [MESSAGE][PASSED] - Browser is opened with url: ''

15-01-2024T11:31:27 - [TEST_STEP][PASSED] - navigateToUrl(base_url): Navigate to 'https://minhtuanmobile.com/' successfully

15-01-2024T11:31:31 - [MESSAGE][PASSED] - Navigate to 'https://minhtuanmobile.com/' successfully

15-01-2024T11:31:31 - [TEST_STEP][PASSED] - maximizeWindow(): Current window maximized

15-01-2024T11:31:31 - [MESSAGE][PASSED] - Current window maximized

15-01-2024T11:31:31 - [TEST_STEP][PASSED] - delay(5): Delayed 5 second(s)

15-01-2024T11:31:36 - [MESSAGE][PASSED] - Delayed 5 second(s)

15-01-2024T11:31:36 - [TEST_STEP][PASSED] - waitForElementVisible(findTestObject("Page_Homepage Minh Tuan Mobile/span_Mac"), 10): Object 'Object Repository/Page_Homepage Minh Tuan Mobile/span_Mac' is visible

15-01-2024T11:31:36 - [MESSAGE][PASSED] - Object 'Object Repository/Page_Homepage Minh Tuan Mobile/span_Mac' is visible

15-01-2024T11:31:36 - [TEST_STEP][PASSED] - mouseOver(findTestObject("Page_Homepage Minh Tuan Mobile/span_Mac")): Object: 'Object Repository/Page_Homepage Minh Tuan Mobile/span_Mac' is hovered

15-01-2024T11:31:37 - [MESSAGE][PASSED] - Object: 'Object Repository/Page_Homepage Minh Tuan Mobile/span_Mac' is hovered

15-01-2024T11:31:37 - [TEST_STEP][PASSED] - mouseOver(findTestObject("Page_Homepage Minh Tuan Mobile/a_MacBook")): Object: 'Object Repository/Page_Homepage Minh Tuan Mobile/a_MacBook' is hovered

15-01-2024T11:31:38 - [MESSAGE][PASSED] - Object: 'Object Repository/Page_Homepage Minh Tuan Mobile/a_MacBook' is hovered

15-01-2024T11:31:38 - [TEST_STEP][PASSED] - click(findTestObject("Page_Homepage Minh Tuan Mobile/a_MacBook Pro")): Object: 'Object Repository/Page_Homepage Minh Tuan Mobile/a_MacBook Pro' is clicked on

15-01-2024T11:31:39 - [MESSAGE][PASSED] - Object: 'Object Repository/Page_Homepage Minh Tuan Mobile/a_MacBook Pro' is clicked on

15-01-2024T11:31:39 - [TEST_STEP][PASSED] - waitForElementClickable(findTestObject("Page_Macbook/h3_MacBook Pro 14 inch 2023 M3 8CPU 10GPU 8GB 512GB SSD"), 10): Object 'Object Repository/Page_Macbook/h3_MacBook Pro 14 inch 2023 M3 8CPU 10GPU 8GB 512GB SSD' is clickable

15-01-2024T11:31:40 - [MESSAGE][PASSED] - Object 'Object Repository/Page_Macbook/h3_MacBook Pro 14 inch 2023 M3 8CPU 10GPU 8GB 512GB SSD' is clickable

15-01-2024T11:31:40 - [TEST_STEP][PASSED] - click(findTestObject("Page_Macbook/h3_MacBook Pro 14 inch 2023 M3 8CPU 10GPU 8GB 512GB SSD")): Object: 'Object Repository/Page_Macbook/h3_MacBook Pro 14 inch 2023 M3 8CPU 10GPU 8GB 512GB SSD' is clicked on

15-01-2024T11:31:40 - [MESSAGE][PASSED] - Object: 'Object Repository/Page_Macbook/h3_MacBook Pro 14 inch 2023 M3 8CPU 10GPU 8GB 512GB SSD' is clicked on

15-01-2024T11:31:40 - [TEST_STEP][PASSED] - click(findTestObject("Page_Child Macbook item/btn_Add item")): Object: 'Object Repository/Page_Child Macbook item/btn_Add item' is clicked on

15-01-2024T11:31:41 - [MESSAGE][PASSED] - Object: 'Object Repository/Page_Child Macbook item/btn_Add item' is clicked on

15-01-2024T11:31:41 - [TEST_STEP][PASSED] - verifyElementPresent(findTestObject("Page_Child Macbook item/popup_Item added"), 3): Object 'Object Repository/Page_Child Macbook item/popup_Item added' is present

15-01-2024T11:31:42 - [MESSAGE][PASSED] - Object 'Object Repository/Page_Child Macbook item/popup_Item added' is present

15-01-2024T11:31:42 - [TEST_STEP][PASSED] - closeBrowser(): Browser is closed

15-01-2024T11:31:42 - [MESSAGE][PASSED] - Browser is closed]]></system-out>
         <system-err><![CDATA[]]></system-err>
      </testcase>
      <testcase name="Test Cases/Minh Tuan Mobile_Iphone_Discount message - Record" time="19.684" classname="Test Cases/Minh Tuan Mobile_Iphone_Discount message - Record" status="PASSED">
         <system-out><![CDATA[15-01-2024T11:31:42 - [TEST_CASE][PASSED] - Test Cases/Minh Tuan Mobile_Iphone_Discount message - Record: Test Cases/Minh Tuan Mobile_Iphone_Discount message - Record

15-01-2024T11:31:42 - [TEST_STEP][PASSED] - openBrowser(""): Browser is opened with url: ''

15-01-2024T11:31:42 - [MESSAGE][INFO] - Starting 'Chrome' driver

15-01-2024T11:31:42 - [MESSAGE][INFO] - Action delay is set to 0 milliseconds

15-01-2024T11:31:43 - [MESSAGE][PASSED] - Browser is opened with url: ''

15-01-2024T11:31:43 - [TEST_STEP][PASSED] - navigateToUrl("https://minhtuanmobile.com/"): Navigate to 'https://minhtuanmobile.com/' successfully

15-01-2024T11:31:45 - [MESSAGE][PASSED] - Navigate to 'https://minhtuanmobile.com/' successfully

15-01-2024T11:31:45 - [TEST_STEP][PASSED] - maximizeWindow(): Current window maximized

15-01-2024T11:31:46 - [MESSAGE][PASSED] - Current window maximized

15-01-2024T11:31:46 - [TEST_STEP][PASSED] - mouseOver(findTestObject("Object Repository/Page_Homepage Minh Tuan Mobile/span_iPhone")): Object: 'Object Repository/Page_Homepage Minh Tuan Mobile/span_iPhone' is hovered

15-01-2024T11:31:47 - [MESSAGE][PASSED] - Object: 'Object Repository/Page_Homepage Minh Tuan Mobile/span_iPhone' is hovered

15-01-2024T11:31:47 - [TEST_STEP][PASSED] - mouseOver(findTestObject("Object Repository/Page_Homepage Minh Tuan Mobile/a_iPhone 15 Series")): Object: 'Object Repository/Page_Homepage Minh Tuan Mobile/a_iPhone 15 Series' is hovered

15-01-2024T11:31:48 - [MESSAGE][PASSED] - Object: 'Object Repository/Page_Homepage Minh Tuan Mobile/a_iPhone 15 Series' is hovered

15-01-2024T11:31:48 - [TEST_STEP][PASSED] - click(findTestObject("Object Repository/Page_Homepage Minh Tuan Mobile/a_iPhone 15 Pro")): Object: 'Object Repository/Page_Homepage Minh Tuan Mobile/a_iPhone 15 Pro' is clicked on

15-01-2024T11:31:50 - [MESSAGE][PASSED] - Object: 'Object Repository/Page_Homepage Minh Tuan Mobile/a_iPhone 15 Pro' is clicked on

15-01-2024T11:31:50 - [TEST_STEP][PASSED] - click(findTestObject("Object Repository/Page_Iphone 15 Pro/h3_iPhone 15 Pro 128GB product name")): Object: 'Object Repository/Page_Iphone 15 Pro/h3_iPhone 15 Pro 128GB product name' is clicked on

15-01-2024T11:31:55 - [MESSAGE][PASSED] - Object: 'Object Repository/Page_Iphone 15 Pro/h3_iPhone 15 Pro 128GB product name' is clicked on

15-01-2024T11:31:55 - [TEST_STEP][PASSED] - verifyElementPresent(findTestObject("Object Repository/Page_Child Iphone 15 Pro/div_Discount 1"), 0): Object 'Object Repository/Page_Child Iphone 15 Pro/div_Discount 1' is present

15-01-2024T11:31:55 - [MESSAGE][WARNING] - Timeout '0' is invalid. Using default page load timeout: '30'

15-01-2024T11:31:55 - [MESSAGE][PASSED] - Object 'Object Repository/Page_Child Iphone 15 Pro/div_Discount 1' is present

15-01-2024T11:31:55 - [TEST_STEP][PASSED] - verifyElementPresent(findTestObject("Object Repository/Page_Child Iphone 15 Pro/span_Discount 2"), 0): Object 'Object Repository/Page_Child Iphone 15 Pro/span_Discount 2' is present

15-01-2024T11:31:56 - [MESSAGE][WARNING] - Timeout '0' is invalid. Using default page load timeout: '30'

15-01-2024T11:31:56 - [MESSAGE][PASSED] - Object 'Object Repository/Page_Child Iphone 15 Pro/span_Discount 2' is present

15-01-2024T11:31:56 - [TEST_STEP][PASSED] - click(findTestObject("Object Repository/Page_Child Iphone 15 Pro/input_priceitem")): Object: 'Object Repository/Page_Child Iphone 15 Pro/input_priceitem' is clicked on

15-01-2024T11:31:57 - [MESSAGE][PASSED] - Object: 'Object Repository/Page_Child Iphone 15 Pro/input_priceitem' is clicked on

15-01-2024T11:31:57 - [TEST_STEP][PASSED] - click(findTestObject("Object Repository/Page_Child Iphone 15 Pro/btn_Buy now")): Object: 'Object Repository/Page_Child Iphone 15 Pro/btn_Buy now' is clicked on

15-01-2024T11:32:00 - [MESSAGE][PASSED] - Object: 'Object Repository/Page_Child Iphone 15 Pro/btn_Buy now' is clicked on

15-01-2024T11:32:00 - [TEST_STEP][PASSED] - verifyElementPresent(findTestObject("Object Repository/Page_Shoping cart/btn_Trash"), 0): Object 'Object Repository/Page_Shoping cart/btn_Trash' is present

15-01-2024T11:32:00 - [MESSAGE][WARNING] - Timeout '0' is invalid. Using default page load timeout: '30'

15-01-2024T11:32:02 - [MESSAGE][PASSED] - Object 'Object Repository/Page_Shoping cart/btn_Trash' is present

15-01-2024T11:32:02 - [TEST_STEP][PASSED] - closeBrowser(): Browser is closed

15-01-2024T11:32:02 - [MESSAGE][PASSED] - Browser is closed]]></system-out>
         <system-err><![CDATA[]]></system-err>
      </testcase>
      <testcase name="Test Cases/Minh Tuan Mobile_Shopping Cart_Remove Item" time="26.706" classname="Test Cases/Minh Tuan Mobile_Shopping Cart_Remove Item" status="PASSED">
         <system-out><![CDATA[15-01-2024T11:32:02 - [TEST_CASE][PASSED] - Test Cases/Minh Tuan Mobile_Shopping Cart_Remove Item: Test Cases/Minh Tuan Mobile_Shopping Cart_Remove Item

15-01-2024T11:32:02 - [TEST_STEP][PASSED] - testObj = new com.kms.katalon.core.testobject.TestObject(): null

15-01-2024T11:32:02 - [TEST_STEP][PASSED] - openBrowser(base_url): Browser is opened with url: 'https://minhtuanmobile.com/'

15-01-2024T11:32:02 - [MESSAGE][INFO] - Starting 'Chrome' driver

15-01-2024T11:32:02 - [MESSAGE][INFO] - Action delay is set to 0 milliseconds

15-01-2024T11:32:06 - [MESSAGE][PASSED] - Browser is opened with url: 'https://minhtuanmobile.com/'

15-01-2024T11:32:06 - [TEST_STEP][PASSED] - xMinhTuanLogo = "//img[contains(@alt, "Hệ thống cửa hàng điện thoại Minh Tuấn Mobile")]": null

15-01-2024T11:32:06 - [TEST_STEP][PASSED] - waitForElementVisible(testObj.addProperty("xpath", EQUALS, xMinhTuanLogo), 10): Object '' is visible

15-01-2024T11:32:06 - [MESSAGE][PASSED] - Object '' is visible

15-01-2024T11:32:06 - [TEST_STEP][PASSED] - maximizeWindow(): Current window maximized

15-01-2024T11:32:07 - [MESSAGE][PASSED] - Current window maximized

15-01-2024T11:32:07 - [TEST_STEP][PASSED] - mouseOver(findTestObject("Object Repository/Page_Homepage Minh Tuan Mobile/span_Mac")): Object: 'Object Repository/Page_Homepage Minh Tuan Mobile/span_Mac' is hovered

15-01-2024T11:32:09 - [MESSAGE][PASSED] - Object: 'Object Repository/Page_Homepage Minh Tuan Mobile/span_Mac' is hovered

15-01-2024T11:32:09 - [TEST_STEP][PASSED] - mouseOver(findTestObject("Object Repository/Page_Homepage Minh Tuan Mobile/a_MacBook")): Object: 'Object Repository/Page_Homepage Minh Tuan Mobile/a_MacBook' is hovered

15-01-2024T11:32:10 - [MESSAGE][PASSED] - Object: 'Object Repository/Page_Homepage Minh Tuan Mobile/a_MacBook' is hovered

15-01-2024T11:32:10 - [TEST_STEP][PASSED] - click(findTestObject("Object Repository/Page_Homepage Minh Tuan Mobile/a_MacBook Pro")): Object: 'Object Repository/Page_Homepage Minh Tuan Mobile/a_MacBook Pro' is clicked on

15-01-2024T11:32:11 - [MESSAGE][PASSED] - Object: 'Object Repository/Page_Homepage Minh Tuan Mobile/a_MacBook Pro' is clicked on

15-01-2024T11:32:11 - [TEST_STEP][PASSED] - lMacbooks = ["MacBook Pro 14 inch 2023 M3 8CPU 10GPU 8GB 512GB SSD", "MacBook Pro 14 inch 2023 M3 8CPU 10GPU 8GB 1TB SSD"]: null

15-01-2024T11:32:11 - [TEST_STEP][PASSED] - for (def sMacbook : lMacbooks): Navigate back successfully

15-01-2024T11:32:11 - [TEST_STEP][PASSED] - "Click on item" + sMacbook: null

15-01-2024T11:32:11 - [TEST_STEP][PASSED] - xMacbook = "//h3[text()="" + sMacbook + ""]": null

15-01-2024T11:32:11 - [TEST_STEP][PASSED] - tMacbookObj = testObj.addProperty("xpath", EQUALS, xMacbook): null

15-01-2024T11:32:11 - [TEST_STEP][PASSED] - click(tMacbookObj): Object: '' is clicked on

15-01-2024T11:32:12 - [MESSAGE][PASSED] - Object: '' is clicked on

15-01-2024T11:32:12 - [TEST_STEP][PASSED] - "Click on Add To Cart button to add item" + sMacbook: null

15-01-2024T11:32:12 - [TEST_STEP][PASSED] - xAddToCartBtn = "(//button[@value="addtocart"])[1]": null

15-01-2024T11:32:12 - [TEST_STEP][PASSED] - tAddToCart = testObj.addProperty("xpath", EQUALS, xAddToCartBtn): null

15-01-2024T11:32:12 - [TEST_STEP][PASSED] - click(tAddToCart): Object: '' is clicked on

15-01-2024T11:32:13 - [MESSAGE][PASSED] - Object: '' is clicked on

15-01-2024T11:32:13 - [TEST_STEP][PASSED] - verifyElementPresent(findTestObject("Page_Child Macbook item/popup_Item added"), 3): Object 'Object Repository/Page_Child Macbook item/popup_Item added' is present

15-01-2024T11:32:14 - [MESSAGE][PASSED] - Object 'Object Repository/Page_Child Macbook item/popup_Item added' is present

15-01-2024T11:32:14 - [TEST_STEP][PASSED] - back(): Navigate back successfully

15-01-2024T11:32:15 - [MESSAGE][PASSED] - Navigate back successfully

15-01-2024T11:32:15 - [TEST_STEP][PASSED] - "Click on item" + sMacbook: null

15-01-2024T11:32:15 - [TEST_STEP][PASSED] - xMacbook = "//h3[text()="" + sMacbook + ""]": null

15-01-2024T11:32:15 - [TEST_STEP][PASSED] - tMacbookObj = testObj.addProperty("xpath", EQUALS, xMacbook): null

15-01-2024T11:32:15 - [TEST_STEP][PASSED] - click(tMacbookObj): Object: '' is clicked on

15-01-2024T11:32:16 - [MESSAGE][PASSED] - Object: '' is clicked on

15-01-2024T11:32:16 - [TEST_STEP][PASSED] - "Click on Add To Cart button to add item" + sMacbook: null

15-01-2024T11:32:16 - [TEST_STEP][PASSED] - xAddToCartBtn = "(//button[@value="addtocart"])[1]": null

15-01-2024T11:32:16 - [TEST_STEP][PASSED] - tAddToCart = testObj.addProperty("xpath", EQUALS, xAddToCartBtn): null

15-01-2024T11:32:16 - [TEST_STEP][PASSED] - click(tAddToCart): Object: '' is clicked on

15-01-2024T11:32:17 - [MESSAGE][PASSED] - Object: '' is clicked on

15-01-2024T11:32:17 - [TEST_STEP][PASSED] - verifyElementPresent(findTestObject("Page_Child Macbook item/popup_Item added"), 3): Object 'Object Repository/Page_Child Macbook item/popup_Item added' is present

15-01-2024T11:32:17 - [MESSAGE][PASSED] - Object 'Object Repository/Page_Child Macbook item/popup_Item added' is present

15-01-2024T11:32:17 - [TEST_STEP][PASSED] - back(): Navigate back successfully

15-01-2024T11:32:18 - [MESSAGE][PASSED] - Navigate back successfully

15-01-2024T11:32:18 - [TEST_STEP][PASSED] - xShoppingCart = "//b[text()="Giỏ hàng"]": null

15-01-2024T11:32:18 - [TEST_STEP][PASSED] - tShoppingCartObj = testObj.addProperty("xpath", EQUALS, xShoppingCart): null

15-01-2024T11:32:18 - [TEST_STEP][PASSED] - click(tShoppingCartObj): Object: '' is clicked on

15-01-2024T11:32:19 - [MESSAGE][PASSED] - Object: '' is clicked on

15-01-2024T11:32:19 - [TEST_STEP][PASSED] - for (def sMacbook : lMacbooks): Web element with id: '' located by 'By.xpath: //a[normalize-space(text())="MacBook Pro 14 inch 2023 M3 8CPU 10GPU 8GB 1TB SSD"]//following-sibling::button' is not present after '3' second(s)

15-01-2024T11:32:19 - [TEST_STEP][PASSED] - "Click on trash icon of item " + sMacbook + " to delete it": null

15-01-2024T11:32:19 - [TEST_STEP][PASSED] - xMacbookInCart = "//a[normalize-space(text())="" + sMacbook + ""]//following-sibling::button": null

15-01-2024T11:32:19 - [TEST_STEP][PASSED] - tAddToCart = testObj.addProperty("xpath", EQUALS, xMacbookInCart): null

15-01-2024T11:32:19 - [TEST_STEP][PASSED] - click(tAddToCart): Object: '' is clicked on

15-01-2024T11:32:20 - [MESSAGE][PASSED] - Object: '' is clicked on

15-01-2024T11:32:20 - [TEST_STEP][PASSED] - verifyAlertPresent(10): Alert is present after 10 second(s).

15-01-2024T11:32:20 - [MESSAGE][PASSED] - Alert is present after 10 second(s).

15-01-2024T11:32:20 - [TEST_STEP][PASSED] - acceptAlert(): Alert accepted

15-01-2024T11:32:20 - [MESSAGE][PASSED] - Alert accepted

15-01-2024T11:32:20 - [TEST_STEP][PASSED] - verifyElementNotPresent(tAddToCart, 3): Web element with id: '' located by 'By.xpath: //a[normalize-space(text())="MacBook Pro 14 inch 2023 M3 8CPU 10GPU 8GB 512GB SSD"]//following-sibling::button' is not present after '3' second(s)

15-01-2024T11:32:20 - [MESSAGE][PASSED] - Web element with id: '' located by 'By.xpath: //a[normalize-space(text())="MacBook Pro 14 inch 2023 M3 8CPU 10GPU 8GB 512GB SSD"]//following-sibling::button' is not present after '3' second(s)

15-01-2024T11:32:20 - [TEST_STEP][PASSED] - "Click on trash icon of item " + sMacbook + " to delete it": null

15-01-2024T11:32:20 - [TEST_STEP][PASSED] - xMacbookInCart = "//a[normalize-space(text())="" + sMacbook + ""]//following-sibling::button": null

15-01-2024T11:32:20 - [TEST_STEP][PASSED] - tAddToCart = testObj.addProperty("xpath", EQUALS, xMacbookInCart): null

15-01-2024T11:32:20 - [TEST_STEP][PASSED] - click(tAddToCart): Object: '' is clicked on

15-01-2024T11:32:21 - [MESSAGE][PASSED] - Object: '' is clicked on

15-01-2024T11:32:21 - [TEST_STEP][PASSED] - verifyAlertPresent(10): Alert is present after 10 second(s).

15-01-2024T11:32:27 - [MESSAGE][PASSED] - Alert is present after 10 second(s).

15-01-2024T11:32:27 - [TEST_STEP][PASSED] - acceptAlert(): Alert accepted

15-01-2024T11:32:27 - [MESSAGE][PASSED] - Alert accepted

15-01-2024T11:32:27 - [TEST_STEP][PASSED] - verifyElementNotPresent(tAddToCart, 3): Web element with id: '' located by 'By.xpath: //a[normalize-space(text())="MacBook Pro 14 inch 2023 M3 8CPU 10GPU 8GB 1TB SSD"]//following-sibling::button' is not present after '3' second(s)

15-01-2024T11:32:28 - [MESSAGE][PASSED] - Web element with id: '' located by 'By.xpath: //a[normalize-space(text())="MacBook Pro 14 inch 2023 M3 8CPU 10GPU 8GB 1TB SSD"]//following-sibling::button' is not present after '3' second(s)

15-01-2024T11:32:28 - [TEST_STEP][PASSED] - closeBrowser(): Browser is closed

15-01-2024T11:32:28 - [MESSAGE][PASSED] - Browser is closed]]></system-out>
         <system-err><![CDATA[]]></system-err>
      </testcase>
      <system-out><![CDATA[15-01-2024T11:31:26 - [TEST_SUITE][PASSED] - Minh Tuan Mobile_Item_Test suite: Test Cases/Minh Tuan Mobile_Shopping Cart_Remove Item]]></system-out>
      <system-err><![CDATA[]]></system-err>
   </testsuite>
</testsuites>
